C51 COMPILER V9.53.0.0   INTERRUPTS                                                        11/09/2016 15:43:41 PAGE 1   


C51 COMPILER V9.53.0.0, COMPILATION OF MODULE INTERRUPTS
OBJECT MODULE PLACED IN .\src\Interrupts.OBJ
COMPILER INVOKED BY: c:\SiliconLabs\SimplicityStudio\v3\developer\toolchains\keil_8051\9.53\BIN\C51.exe C:\Users\clfilho
                    -\SimplicityStudio\v3_workspace\Dali_\src\Interrupts.c OMF2 SMALL DEBUG OBJECTEXTEND ROM(LARGE) WARNINGLEVEL(2) FLOATFUZZ
                    -Y(3) OPTIMIZE(8,SPEED) DEFINE(DEBUG=1) INTVECTOR(0X0000) INTPROMOTE INCDIR(C:/SiliconLabs/SimplicityStudio/v3/developer/
                    -sdks/si8051/v3//Device/shared/si8051Base;C:/SiliconLabs/SimplicityStudio/v3/developer/sdks/si8051/v3//Device/EFM8UB1;C:/
                    -SiliconLabs/SimplicityStudio/v3/developer/sdks/si8051/v3//Device/EFM8UB1/inc;C:\SiliconLabs\SimplicityStudio\v3_4a\devel
                    -oper\sdks\si8051\v3\Device\EFM8UB1\inc) PRINT(.\src\Interrupts.lst) COND PAGEWIDTH(120) PAGELENGTH(65) OBJECT(.\src\Inte
                    -rrupts.OBJ)

line level    source

   1          //=========================================================
   2          // src/Interrupts.c: generated by Hardware Configurator
   3          //
   4          // This file will be regenerated when saving a document.
   5          // leave the sections inside the "$[...]" comment tags alone
   6          // or they will be overwritten!
   7          //=========================================================
   8          
   9                   
  10          // USER INCLUDES                        
  11          #include <SI_EFM8UB1_Register_Enums.h>
  12          #include "InitDevice.h"
  13          #include "Dali.h"
  14          
  15          
  16          //-----------------------------------------------------------------------------
  17          // Global Constants
  18          //-----------------------------------------------------------------------------
  19          // Configurator set for HFOSC0/8
  20          //#define SYSCLK             3062000
  21          
  22          //static xdata DALI_FRAME State = START;
  23          //static xdata uint8_t bitCounter = 0;
  24          //static xdata uint8_t daliRXOutput=0;
  25          //bit _1stHalf;
  26          //bit _2ndHalf;
  27          
  28          
  29          
  30          
  31          
  32          //-----------------------------------------------------------------------------
  33          // INT1_ISR
  34          //-----------------------------------------------------------------------------
  35          //
  36          // TIMER0 ISR Content goes here. Remember to clear flag bits:
  37          // TCON::TF0 (Timer 0 Overflow Flag)
  38          //
  39          // Here we process the Timer0 interrupt and toggle the LED when appropriate
  40          //
  41          //-----------------------------------------------------------------------------
  42          SI_INTERRUPT (INT1_ISR, INT1_IRQn)
  43          {
  44   1      
  45   1      #ifdef DALISLAVEMODE
              
                      DaliRXDecoding(1, SLAVE_MODE);
              #else
  49   1      
  50   1      
C51 COMPILER V9.53.0.0   INTERRUPTS                                                        11/09/2016 15:43:41 PAGE 2   

  51   1              DaliRXDecoding(1, MASTER_MODE);
  52   1      
  53   1      
  54   1      #endif
  55   1      
  56   1      }
  57          
  58          
  59          //-----------------------------------------------------------------------------
  60          // Dali RX Timer TIMER1_ISR
  61          //-----------------------------------------------------------------------------
  62          //
  63          // TIMER1 ISR Content goes here. Remember to clear flag bits:
  64          // TCON::TF1 (Timer 0 Overflow Flag)
  65          //
  66          // Here we process the Timer dedicated to Dali RX
  67          //
  68          //-----------------------------------------------------------------------------
  69          SI_INTERRUPT (TIMER1_ISR, TIMER1_IRQn)
  70          {
  71   1      
  72   1      #ifdef DALISLAVEMODE
              
                      DaliRXDecoding(0, SLAVE_MODE);
              #else
  76   1      
  77   1              DaliRXDecoding(0, MASTER_MODE);
  78   1      
  79   1      #endif
  80   1      
  81   1      }
  82          
  83          
  84          //-----------------------------------------------------------------------------
  85          // Dali TX Timer ISR (TIMER0)
  86          //-----------------------------------------------------------------------------
  87          //
  88          // TIMER0 ISR Content goes here. Remember to clear flag bits:
  89          // TCON::TF0 (Timer 0 Overflow Flag)
  90          //
  91          // Here we process the Timer0 interrupt and toggle the LED when appropriate
  92          //
  93          //-----------------------------------------------------------------------------
  94          SI_INTERRUPT (TIMER0_ISR, TIMER0_IRQn)
  95          {
  96   1      
  97   1      
  98   1              ReloadDaliTxTimer(TMH, TML);
  99   1              ManchesterTXHandler();
 100   1              IsDaliBusQuiet();
 101   1      
 102   1      }
 103          
 104          


MODULE INFORMATION:   STATIC OVERLAYABLE
   CODE SIZE        =    207    ----
   CONSTANT SIZE    =   ----    ----
   XDATA SIZE       =   ----    ----
   PDATA SIZE       =   ----    ----
   DATA SIZE        =   ----    ----
   IDATA SIZE       =   ----    ----
C51 COMPILER V9.53.0.0   INTERRUPTS                                                        11/09/2016 15:43:41 PAGE 3   

   BIT SIZE         =   ----    ----
   EDATA SIZE       =   ----    ----
   HDATA SIZE       =   ----    ----
   XDATA CONST SIZE =   ----    ----
   FAR CONST SIZE   =   ----    ----
END OF MODULE INFORMATION.


C51 COMPILATION COMPLETE.  0 WARNING(S),  0 ERROR(S)
